This file contains any messages produced by compilers while
running configure, to aid debugging if configure makes a mistake.

It was created by mcpp configure 2.4.1, which was
generated by GNU Autoconf 2.57.  Invocation command line was

  $ ./configure 

## --------- ##
## Platform. ##
## --------- ##

hostname = PC-6172
uname -m = i686
uname -r = 1.5.24(0.156/4/2)
uname -s = CYGWIN_NT-6.0
uname -v = 2007-01-31 10:57

/usr/bin/uname -p = unknown
/bin/uname -X     = unknown

/bin/arch              = unknown
/usr/bin/arch -k       = unknown
/usr/convex/getsysinfo = unknown
hostinfo               = unknown
/bin/machine           = unknown
/usr/bin/oslevel       = unknown
/bin/universe          = unknown

PATH: /home/hiraisi/bin
PATH: /usr/local/bin
PATH: /usr/local/bin
PATH: /usr/bin
PATH: /bin
PATH: /usr/X11R6/bin
PATH: /cygdrive/c/program files/imagemagick-6.2.8-q16
PATH: /cygdrive/c/Windows/system32
PATH: /cygdrive/c/Windows
PATH: /cygdrive/c/Windows/System32/Wbem
PATH: /cygdrive/c/Program Files/Common Files/Lenovo
PATH: /cygdrive/c/Program Files/Lenovo/Client Security Solution
PATH: /cygdrive/c/Program Files/Diskeeper Corporation/Diskeeper/
PATH: /cygdrive/c/Program Files/ThinkPad/ConnectUtilities
PATH: /usr/bin
PATH: /cygdrive/c/Program Files/QuickTime/QTSystem/
PATH: /cygdrive/c/tex/bin
PATH: /cygdrive/c/gs/gs8.60/bin
PATH: /cygdrive/c/gs/gs8.60/lib


## ----------- ##
## Core tests. ##
## ----------- ##

configure:1374: checking build system type
configure:1392: result: i686-pc-cygwin
configure:1400: checking host system type
configure:1414: result: i686-pc-cygwin
configure:1422: checking target system type
configure:1436: result: i686-pc-cygwin
configure:1463: checking for a BSD-compatible install
configure:1517: result: /usr/local/bin/install -c
configure:1528: checking whether build environment is sane
configure:1571: result: yes
configure:1604: checking for gawk
configure:1620: found /usr/local/bin/gawk
configure:1630: result: gawk
configure:1640: checking whether make sets $(MAKE)
configure:1660: result: yes
configure:1824: checking whether to enable maintainer-specific portions of Makefiles
configure:1833: result: no
configure:1896: checking for gcc
configure:1912: found /usr/local/bin/gcc
configure:1922: result: gcc
configure:2166: checking for C compiler version
configure:2169: gcc --version </dev/null >&5
gcc (GCC) 3.4.4 (cygming special, gdc 0.12, using dmd 0.125)
Copyright (C) 2004 Free Software Foundation, Inc.
This is free software; see the source for copying conditions.  There is NO
warranty; not even for MERCHANTABILITY or FITNESS FOR A PARTICULAR PURPOSE.

configure:2172: $? = 0
configure:2174: gcc -v </dev/null >&5
Reading specs from /usr/lib/gcc/i686-pc-cygwin/3.4.4/specs
Configured with: /usr/build/package/orig/test.respin/gcc-3.4.4-3/configure --verbose --prefix=/usr --exec-prefix=/usr --sysconfdir=/etc --libdir=/usr/lib --libexecdir=/usr/lib --mandir=/usr/share/man --infodir=/usr/share/info --enable-languages=c,ada,c++,d,f77,pascal,java,objc --enable-nls --without-included-gettext --enable-version-specific-runtime-libs --without-x --enable-libgcj --disable-java-awt --with-system-zlib --enable-interpreter --disable-libgcj-debug --enable-threads=posix --enable-java-gc=boehm --disable-win32-registry --enable-sjlj-exceptions --enable-hash-synchronization --enable-libstdcxx-debug
Thread model: posix
gcc version 3.4.4 (cygming special, gdc 0.12, using dmd 0.125)
configure:2177: $? = 0
configure:2179: gcc -V </dev/null >&5
gcc: `-V' option must have argument
configure:2182: $? = 1
configure:2206: checking for C compiler default output
configure:2209: gcc    conftest.c  >&5
configure:2212: $? = 0
configure:2258: result: a.exe
configure:2263: checking whether the C compiler works
configure:2269: ./a.exe
configure:2272: $? = 0
configure:2289: result: yes
configure:2296: checking whether we are cross compiling
configure:2298: result: no
configure:2301: checking for suffix of executables
configure:2303: gcc -o conftest.exe    conftest.c  >&5
configure:2306: $? = 0
configure:2331: result: .exe
configure:2337: checking for suffix of object files
configure:2359: gcc -c   conftest.c >&5
configure:2362: $? = 0
configure:2384: result: o
configure:2388: checking whether we are using the GNU C compiler
configure:2413: gcc -c   conftest.c >&5
configure:2416: $? = 0
configure:2419: test -s conftest.o
configure:2422: $? = 0
configure:2435: result: yes
configure:2441: checking whether gcc accepts -g
configure:2463: gcc -c -g  conftest.c >&5
configure:2466: $? = 0
configure:2469: test -s conftest.o
configure:2472: $? = 0
configure:2483: result: yes
configure:2500: checking for gcc option to accept ANSI C
configure:2561: gcc  -c -g -O2  conftest.c >&5
configure:2564: $? = 0
configure:2567: test -s conftest.o
configure:2570: $? = 0
configure:2588: result: none needed
configure:2606: gcc -c -g -O2  conftest.c >&5
conftest.c:2: error: parse error before "me"
configure:2609: $? = 1
configure: failed program was:
| #ifndef __cplusplus
|   choke me
| #endif
configure:2729: checking for style of include used by make
configure:2757: result: GNU
configure:2785: checking dependency style of gcc
configure:2868: result: gcc3
configure:2889: checking for gcc option to accept ANSI C
configure:2953: gcc  -c -g -O2  conftest.c >&5
configure:2956: $? = 0
configure:2959: test -s conftest.o
configure:2962: $? = 0
configure:2977: result: none needed
configure:2993: checking how to run the C preprocessor
configure:3029: gcc -E  conftest.c
configure:3035: $? = 0
configure:3067: gcc -E  conftest.c
configure:3068:28: ac_nonexistent.h: No such file or directory
configure:3073: $? = 1
configure: failed program was:
| #line 3058 "configure"
| /* confdefs.h.  */
| 
| #define PACKAGE_NAME "mcpp"
| #define PACKAGE_TARNAME "mcpp"
| #define PACKAGE_VERSION "2.4.1"
| #define PACKAGE_STRING "mcpp 2.4.1"
| #define PACKAGE_BUGREPORT "kmatsui@t3.rim.or.jp"
| #define PACKAGE "mcpp"
| #define VERSION "2.4.1"
| /* end confdefs.h.  */
| #include <ac_nonexistent.h>
configure:3111: result: gcc -E
configure:3136: gcc -E  conftest.c
configure:3142: $? = 0
configure:3174: gcc -E  conftest.c
configure:3175:28: ac_nonexistent.h: No such file or directory
configure:3180: $? = 1
configure: failed program was:
| #line 3165 "configure"
| /* confdefs.h.  */
| 
| #define PACKAGE_NAME "mcpp"
| #define PACKAGE_TARNAME "mcpp"
| #define PACKAGE_VERSION "2.4.1"
| #define PACKAGE_STRING "mcpp 2.4.1"
| #define PACKAGE_BUGREPORT "kmatsui@t3.rim.or.jp"
| #define PACKAGE "mcpp"
| #define VERSION "2.4.1"
| /* end confdefs.h.  */
| #include <ac_nonexistent.h>
configure:3234: checking for a BSD-compatible install
configure:3288: result: /usr/local/bin/install -c
configure:3301: checking whether the cpp is target preprocessor
configure:3309: result: yes
configure:3314: checking for egrep
configure:3324: result: grep -E
configure:3329: checking for ANSI C header files
configure:3355: gcc -c -g -O2  conftest.c >&5
configure:3358: $? = 0
configure:3361: test -s conftest.o
configure:3364: $? = 0
configure:3456: gcc -o conftest.exe -g -O2   conftest.c  >&5
configure:3459: $? = 0
configure:3461: ./conftest.exe
configure:3464: $? = 0
configure:3479: result: yes
configure:3503: checking for sys/types.h
configure:3520: gcc -c -g -O2  conftest.c >&5
configure:3523: $? = 0
configure:3526: test -s conftest.o
configure:3529: $? = 0
configure:3540: result: yes
configure:3503: checking for sys/stat.h
configure:3520: gcc -c -g -O2  conftest.c >&5
configure:3523: $? = 0
configure:3526: test -s conftest.o
configure:3529: $? = 0
configure:3540: result: yes
configure:3503: checking for stdlib.h
configure:3520: gcc -c -g -O2  conftest.c >&5
configure:3523: $? = 0
configure:3526: test -s conftest.o
configure:3529: $? = 0
configure:3540: result: yes
configure:3503: checking for string.h
configure:3520: gcc -c -g -O2  conftest.c >&5
configure:3523: $? = 0
configure:3526: test -s conftest.o
configure:3529: $? = 0
configure:3540: result: yes
configure:3503: checking for memory.h
configure:3520: gcc -c -g -O2  conftest.c >&5
configure:3523: $? = 0
configure:3526: test -s conftest.o
configure:3529: $? = 0
configure:3540: result: yes
configure:3503: checking for strings.h
configure:3520: gcc -c -g -O2  conftest.c >&5
configure:3523: $? = 0
configure:3526: test -s conftest.o
configure:3529: $? = 0
configure:3540: result: yes
configure:3503: checking for inttypes.h
configure:3520: gcc -c -g -O2  conftest.c >&5
configure:3523: $? = 0
configure:3526: test -s conftest.o
configure:3529: $? = 0
configure:3540: result: yes
configure:3503: checking for stdint.h
configure:3520: gcc -c -g -O2  conftest.c >&5
configure:3523: $? = 0
configure:3526: test -s conftest.o
configure:3529: $? = 0
configure:3540: result: yes
configure:3503: checking for unistd.h
configure:3520: gcc -c -g -O2  conftest.c >&5
configure:3523: $? = 0
configure:3526: test -s conftest.o
configure:3529: $? = 0
configure:3540: result: yes
configure:3569: checking stdint.h, usability
configure:3582: gcc -c -g -O2  conftest.c >&5
configure:3625:21: stdint.h,: No such file or directory
configure:3585: $? = 1
configure: failed program was:
| #line 3571 "configure"
| /* confdefs.h.  */
| 
| #define PACKAGE_NAME "mcpp"
| #define PACKAGE_TARNAME "mcpp"
| #define PACKAGE_VERSION "2.4.1"
| #define PACKAGE_STRING "mcpp 2.4.1"
| #define PACKAGE_BUGREPORT "kmatsui@t3.rim.or.jp"
| #define PACKAGE "mcpp"
| #define VERSION "2.4.1"
| #define STDC_HEADERS 1
| #define HAVE_SYS_TYPES_H 1
| #define HAVE_SYS_STAT_H 1
| #define HAVE_STDLIB_H 1
| #define HAVE_STRING_H 1
| #define HAVE_MEMORY_H 1
| #define HAVE_STRINGS_H 1
| #define HAVE_INTTYPES_H 1
| #define HAVE_STDINT_H 1
| #define HAVE_UNISTD_H 1
| /* end confdefs.h.  */
| #include <stdio.h>
| #if HAVE_SYS_TYPES_H
| # include <sys/types.h>
| #endif
| #if HAVE_SYS_STAT_H
| # include <sys/stat.h>
| #endif
| #if STDC_HEADERS
| # include <stdlib.h>
| # include <stddef.h>
| #else
| # if HAVE_STDLIB_H
| #  include <stdlib.h>
| # endif
| #endif
| #if HAVE_STRING_H
| # if !STDC_HEADERS && HAVE_MEMORY_H
| #  include <memory.h>
| # endif
| # include <string.h>
| #endif
| #if HAVE_STRINGS_H
| # include <strings.h>
| #endif
| #if HAVE_INTTYPES_H
| # include <inttypes.h>
| #else
| # if HAVE_STDINT_H
| #  include <stdint.h>
| # endif
| #endif
| #if HAVE_UNISTD_H
| # include <unistd.h>
| #endif
| #include <stdint.h,>
configure:3601: result: no
configure:3605: checking stdint.h, presence
configure:3616: gcc -E  conftest.c
configure:3627:21: stdint.h,: No such file or directory
configure:3622: $? = 1
configure: failed program was:
| #line 3607 "configure"
| /* confdefs.h.  */
| 
| #define PACKAGE_NAME "mcpp"
| #define PACKAGE_TARNAME "mcpp"
| #define PACKAGE_VERSION "2.4.1"
| #define PACKAGE_STRING "mcpp 2.4.1"
| #define PACKAGE_BUGREPORT "kmatsui@t3.rim.or.jp"
| #define PACKAGE "mcpp"
| #define VERSION "2.4.1"
| #define STDC_HEADERS 1
| #define HAVE_SYS_TYPES_H 1
| #define HAVE_SYS_STAT_H 1
| #define HAVE_STDLIB_H 1
| #define HAVE_STRING_H 1
| #define HAVE_MEMORY_H 1
| #define HAVE_STRINGS_H 1
| #define HAVE_INTTYPES_H 1
| #define HAVE_STDINT_H 1
| #define HAVE_UNISTD_H 1
| /* end confdefs.h.  */
| #include <stdint.h,>
configure:3641: result: no
configure:3677: checking for stdint.h,
configure:3684: result: no
configure:3569: checking inttypes.h, usability
configure:3582: gcc -c -g -O2  conftest.c >&5
configure:3625:23: inttypes.h,: No such file or directory
configure:3585: $? = 1
configure: failed program was:
| #line 3571 "configure"
| /* confdefs.h.  */
| 
| #define PACKAGE_NAME "mcpp"
| #define PACKAGE_TARNAME "mcpp"
| #define PACKAGE_VERSION "2.4.1"
| #define PACKAGE_STRING "mcpp 2.4.1"
| #define PACKAGE_BUGREPORT "kmatsui@t3.rim.or.jp"
| #define PACKAGE "mcpp"
| #define VERSION "2.4.1"
| #define STDC_HEADERS 1
| #define HAVE_SYS_TYPES_H 1
| #define HAVE_SYS_STAT_H 1
| #define HAVE_STDLIB_H 1
| #define HAVE_STRING_H 1
| #define HAVE_MEMORY_H 1
| #define HAVE_STRINGS_H 1
| #define HAVE_INTTYPES_H 1
| #define HAVE_STDINT_H 1
| #define HAVE_UNISTD_H 1
| /* end confdefs.h.  */
| #include <stdio.h>
| #if HAVE_SYS_TYPES_H
| # include <sys/types.h>
| #endif
| #if HAVE_SYS_STAT_H
| # include <sys/stat.h>
| #endif
| #if STDC_HEADERS
| # include <stdlib.h>
| # include <stddef.h>
| #else
| # if HAVE_STDLIB_H
| #  include <stdlib.h>
| # endif
| #endif
| #if HAVE_STRING_H
| # if !STDC_HEADERS && HAVE_MEMORY_H
| #  include <memory.h>
| # endif
| # include <string.h>
| #endif
| #if HAVE_STRINGS_H
| # include <strings.h>
| #endif
| #if HAVE_INTTYPES_H
| # include <inttypes.h>
| #else
| # if HAVE_STDINT_H
| #  include <stdint.h>
| # endif
| #endif
| #if HAVE_UNISTD_H
| # include <unistd.h>
| #endif
| #include <inttypes.h,>
configure:3601: result: no
configure:3605: checking inttypes.h, presence
configure:3616: gcc -E  conftest.c
configure:3627:23: inttypes.h,: No such file or directory
configure:3622: $? = 1
configure: failed program was:
| #line 3607 "configure"
| /* confdefs.h.  */
| 
| #define PACKAGE_NAME "mcpp"
| #define PACKAGE_TARNAME "mcpp"
| #define PACKAGE_VERSION "2.4.1"
| #define PACKAGE_STRING "mcpp 2.4.1"
| #define PACKAGE_BUGREPORT "kmatsui@t3.rim.or.jp"
| #define PACKAGE "mcpp"
| #define VERSION "2.4.1"
| #define STDC_HEADERS 1
| #define HAVE_SYS_TYPES_H 1
| #define HAVE_SYS_STAT_H 1
| #define HAVE_STDLIB_H 1
| #define HAVE_STRING_H 1
| #define HAVE_MEMORY_H 1
| #define HAVE_STRINGS_H 1
| #define HAVE_INTTYPES_H 1
| #define HAVE_STDINT_H 1
| #define HAVE_UNISTD_H 1
| /* end confdefs.h.  */
| #include <inttypes.h,>
configure:3641: result: no
configure:3677: checking for inttypes.h,
configure:3684: result: no
configure:3569: checking limits.h usability
configure:3582: gcc -c -g -O2  conftest.c >&5
configure:3585: $? = 0
configure:3588: test -s conftest.o
configure:3591: $? = 0
configure:3601: result: yes
configure:3605: checking limits.h presence
configure:3616: gcc -E  conftest.c
configure:3622: $? = 0
configure:3641: result: yes
configure:3677: checking for limits.h
configure:3684: result: yes
configure:3569: checking time.h usability
configure:3582: gcc -c -g -O2  conftest.c >&5
configure:3585: $? = 0
configure:3588: test -s conftest.o
configure:3591: $? = 0
configure:3601: result: yes
configure:3605: checking time.h presence
configure:3616: gcc -E  conftest.c
configure:3622: $? = 0
configure:3641: result: yes
configure:3677: checking for time.h
configure:3684: result: yes
configure:3699: checking for function prototypes
configure:3702: result: yes
configure:3719: checking for an ANSI C-conforming const
configure:3787: gcc -c -g -O2  conftest.c >&5
configure:3790: $? = 0
configure:3793: test -s conftest.o
configure:3796: $? = 0
configure:3807: result: yes
configure:3818: checking whether backslash-a works in strings
configure:3847: gcc -c -g -O2  conftest.c >&5
configure:3850: $? = 0
configure:3853: test -s conftest.o
configure:3856: $? = 0
configure:3867: result: yes
configure:3877: checking for size_t
configure:3902: gcc -c -g -O2  conftest.c >&5
configure:3905: $? = 0
configure:3908: test -s conftest.o
configure:3911: $? = 0
configure:3922: result: yes
configure:3934: checking for intmax_t
configure:3959: gcc -c -g -O2  conftest.c >&5
configure:3962: $? = 0
configure:3965: test -s conftest.o
configure:3968: $? = 0
configure:3979: result: yes
configure:3989: checking for long long
configure:4014: gcc -c -g -O2  conftest.c >&5
configure:4017: $? = 0
configure:4020: test -s conftest.o
configure:4023: $? = 0
configure:4034: result: yes
configure:4044: checking for unsigned long
configure:4069: gcc -c -g -O2  conftest.c >&5
configure:4072: $? = 0
configure:4075: test -s conftest.o
configure:4078: $? = 0
configure:4089: result: yes
configure:4099: checking for long double
configure:4124: gcc -c -g -O2  conftest.c >&5
configure:4127: $? = 0
configure:4130: test -s conftest.o
configure:4133: $? = 0
configure:4144: result: yes
configure:4154: checking for __int64
configure:4179: gcc -c -g -O2  conftest.c >&5
configure: In function `main':
configure:4225: error: `__int64' undeclared (first use in this function)
configure:4225: error: (Each undeclared identifier is reported only once
configure:4225: error: for each function it appears in.)
configure:4225: error: parse error before ')' token
configure:4182: $? = 1
configure: failed program was:
| #line 4159 "configure"
| /* confdefs.h.  */
| 
| #define PACKAGE_NAME "mcpp"
| #define PACKAGE_TARNAME "mcpp"
| #define PACKAGE_VERSION "2.4.1"
| #define PACKAGE_STRING "mcpp 2.4.1"
| #define PACKAGE_BUGREPORT "kmatsui@t3.rim.or.jp"
| #define PACKAGE "mcpp"
| #define VERSION "2.4.1"
| #define STDC_HEADERS 1
| #define HAVE_SYS_TYPES_H 1
| #define HAVE_SYS_STAT_H 1
| #define HAVE_STDLIB_H 1
| #define HAVE_STRING_H 1
| #define HAVE_MEMORY_H 1
| #define HAVE_STRINGS_H 1
| #define HAVE_INTTYPES_H 1
| #define HAVE_STDINT_H 1
| #define HAVE_UNISTD_H 1
| #define HAVE_LIMITS_H 1
| #define HAVE_TIME_H 1
| #define PROTOTYPES 1
| #define __PROTOTYPES 1
| #define HAVE_C_BACKSLASH_A 1
| #define HAVE_INTMAX_T 1
| #define HAVE_LONG_LONG 1
| #define HAVE_UNSIGNED_LONG 1
| #define HAVE_LONG_DOUBLE 1
| /* end confdefs.h.  */
| #include <stdio.h>
| #if HAVE_SYS_TYPES_H
| # include <sys/types.h>
| #endif
| #if HAVE_SYS_STAT_H
| # include <sys/stat.h>
| #endif
| #if STDC_HEADERS
| # include <stdlib.h>
| # include <stddef.h>
| #else
| # if HAVE_STDLIB_H
| #  include <stdlib.h>
| # endif
| #endif
| #if HAVE_STRING_H
| # if !STDC_HEADERS && HAVE_MEMORY_H
| #  include <memory.h>
| # endif
| # include <string.h>
| #endif
| #if HAVE_STRINGS_H
| # include <strings.h>
| #endif
| #if HAVE_INTTYPES_H
| # include <inttypes.h>
| #else
| # if HAVE_STDINT_H
| #  include <stdint.h>
| # endif
| #endif
| #if HAVE_UNISTD_H
| # include <unistd.h>
| #endif
| int
| main ()
| {
| if ((__int64 *) 0)
|   return 0;
| if (sizeof (__int64))
|   return 0;
|   ;
|   return 0;
| }
configure:4199: result: no
configure:4209: checking for time_t
configure:4234: gcc -c -g -O2  conftest.c >&5
configure:4237: $? = 0
configure:4240: test -s conftest.o
configure:4243: $? = 0
configure:4254: result: yes
configure:4278: checking for strcspn
configure:4328: gcc -o conftest.exe -g -O2   conftest.c  >&5
configure:4329: warning: conflicting types for built-in function 'strcspn'
configure:4331: $? = 0
configure:4334: test -s conftest.exe
configure:4337: $? = 0
configure:4348: result: yes
configure:4278: checking for strstr
configure:4328: gcc -o conftest.exe -g -O2   conftest.c  >&5
configure:4330: warning: conflicting types for built-in function 'strstr'
configure:4331: $? = 0
configure:4334: test -s conftest.exe
configure:4337: $? = 0
configure:4348: result: yes
configure:4278: checking for stpcpy
configure:4328: gcc -o conftest.exe -g -O2   conftest.c  >&5
configure:4331: warning: conflicting types for built-in function 'stpcpy'
/cygdrive/c/Users/hiraisi/AppData/Local/Temp/ccQLD9ne.o: In function `main':
/home/hiraisi/mcpp/mcpp-2.4.1/configure:4347: undefined reference to `_stpcpy'
/home/hiraisi/mcpp/mcpp-2.4.1/configure:4346: undefined reference to `_stpcpy'
collect2: ld returned 1 exit status
configure:4331: $? = 1
configure: failed program was:
| #line 4283 "configure"
| /* confdefs.h.  */
| 
| #define PACKAGE_NAME "mcpp"
| #define PACKAGE_TARNAME "mcpp"
| #define PACKAGE_VERSION "2.4.1"
| #define PACKAGE_STRING "mcpp 2.4.1"
| #define PACKAGE_BUGREPORT "kmatsui@t3.rim.or.jp"
| #define PACKAGE "mcpp"
| #define VERSION "2.4.1"
| #define STDC_HEADERS 1
| #define HAVE_SYS_TYPES_H 1
| #define HAVE_SYS_STAT_H 1
| #define HAVE_STDLIB_H 1
| #define HAVE_STRING_H 1
| #define HAVE_MEMORY_H 1
| #define HAVE_STRINGS_H 1
| #define HAVE_INTTYPES_H 1
| #define HAVE_STDINT_H 1
| #define HAVE_UNISTD_H 1
| #define HAVE_LIMITS_H 1
| #define HAVE_TIME_H 1
| #define PROTOTYPES 1
| #define __PROTOTYPES 1
| #define HAVE_C_BACKSLASH_A 1
| #define HAVE_INTMAX_T 1
| #define HAVE_LONG_LONG 1
| #define HAVE_UNSIGNED_LONG 1
| #define HAVE_LONG_DOUBLE 1
| #define HAVE_TIME_T 1
| #define HAVE_STRCSPN 1
| #define HAVE_STRSTR 1
| /* end confdefs.h.  */
| /* System header to define __stub macros and hopefully few prototypes,
|     which can conflict with char stpcpy (); below.
|     Prefer <limits.h> to <assert.h> if __STDC__ is defined, since
|     <limits.h> exists even on freestanding compilers.  */
| #ifdef __STDC__
| # include <limits.h>
| #else
| # include <assert.h>
| #endif
| /* Override any gcc2 internal prototype to avoid an error.  */
| #ifdef __cplusplus
| extern "C"
| {
| #endif
| /* We use char because int might match the return type of a gcc2
|    builtin and then its argument prototype would still apply.  */
| char stpcpy ();
| /* The GNU C library defines this for functions which it implements
|     to always fail with ENOSYS.  Some functions are actually named
|     something starting with __ and the normal name is an alias.  */
| #if defined (__stub_stpcpy) || defined (__stub___stpcpy)
| choke me
| #else
| char (*f) () = stpcpy;
| #endif
| #ifdef __cplusplus
| }
| #endif
| 
| int
| main ()
| {
| return f != stpcpy;
|   ;
|   return 0;
| }
configure:4348: result: no
configure:4278: checking for memmove
configure:4328: gcc -o conftest.exe -g -O2   conftest.c  >&5
configure:4331: warning: conflicting types for built-in function 'memmove'
configure:4331: $? = 0
configure:4334: test -s conftest.exe
configure:4337: $? = 0
configure:4348: result: yes
configure:4278: checking for memcmp
configure:4328: gcc -o conftest.exe -g -O2   conftest.c  >&5
configure:4332: warning: conflicting types for built-in function 'memcmp'
configure:4331: $? = 0
configure:4334: test -s conftest.exe
configure:4337: $? = 0
configure:4348: result: yes
configure:4278: checking for memcpy
configure:4328: gcc -o conftest.exe -g -O2   conftest.c  >&5
configure:4333: warning: conflicting types for built-in function 'memcpy'
configure:4331: $? = 0
configure:4334: test -s conftest.exe
configure:4337: $? = 0
configure:4348: result: yes
configure:4278: checking for getopt
configure:4328: gcc -o conftest.exe -g -O2   conftest.c  >&5
configure:4331: $? = 0
configure:4334: test -s conftest.exe
configure:4337: $? = 0
configure:4348: result: yes
configure:4278: checking for getenv
configure:4328: gcc -o conftest.exe -g -O2   conftest.c  >&5
configure:4331: $? = 0
configure:4334: test -s conftest.exe
configure:4337: $? = 0
configure:4348: result: yes
configure:4360: checking if the cases of filename are folded
configure:4386: gcc -o conftest.exe -g -O2   conftest.c  >&5
configure:4389: $? = 0
configure:4391: ./conftest.exe
configure:4394: $? = 0
configure:4407: result: yes
configure:4424: checking if pragma can be used
configure:4433: gcc -c -g -O2  conftest.c >&5
conftest.c:1:9: warning: #pragma once in main file
configure:4436: $? = 0
configure:4439: test -s conftest.o
configure:4442: $? = 0
configure:4455: result: yes
configure:4465: checking if the argument of pragma is macro expanded
configure:4476: gcc -c -g -O2  conftest.c >&5
conftest.c:3:9: warning: #pragma once in main file
configure:4479: $? = 0
configure:4482: test -s conftest.o
configure:4485: $? = 0
configure:4498: result: no
configure:4508: checking if digraphs can be used
configure:4518: gcc -E  conftest.c
configure:4524: $? = 0
configure:4546: result: yes
configure:4570: checking if '0x5c' in SJIS multi-byte character is handled differently from backslash
configure:4594: gcc -o conftest.exe -g -O2   conftest.c  >&5
conftest.c:8:51: warning: unknown escape sequence: '\216'
configure:4597: $? = 0
configure:4599: ./conftest.exe
assertion "strcmp( str( "•\Ž¦"), "\"•\Ž¦\"") == 0" failed: file "conftest.c", line 8
./configure: line 4600:  4284 Hangup                  ./conftest$ac_exeext
configure:4602: $? = 129
configure: program exited with status 129
configure: failed program was:
| 
| #include    <assert.h>
|     int     strcmp();
|     void    exit();
| #define str( a)     # a
| int main( void)
| {
|     assert( strcmp( str( "•\Ž¦"), "\"•\Ž¦\"") == 0);    /* Multi-byte chars */
|     exit (0);
| }
configure:4617: result: no
configure:4634: checking if '0x5c' in ISO2022_JP multi-byte character is handled differently from backslash
configure:4658: gcc -o conftest.exe -g -O2   conftest.c  >&5
conftest.c:8:57: warning: unknown escape sequence '\F'
configure:4661: $? = 0
configure:4663: ./conftest.exe
assertion "strcmp( str( "\F0(B"), "\"\F0(B\"") == 0" failed: file "conftest.c", line 8
./configure: line 4664:  5028 Hangup                  ./conftest$ac_exeext
configure:4666: $? = 129
configure: program exited with status 129
configure: failed program was:
| 
| #include    <assert.h>
|     int     strcmp();
|     void    exit();
| #define str( a)     # a
| int main( void)
| {
|     assert( strcmp( str( "\F0(B"), "\"\F0(B\"") == 0);    /* Multi-byte chars */
|     exit (0);
| }
configure:4681: result: no
configure:4699: checking if '0x5c' in BIGFIVE multi-byte character is handled differently from backslash
configure:4723: gcc -o conftest.exe -g -O2   conftest.c  >&5
conftest.c:8:51: warning: unknown escape sequence: '\301'
configure:4726: $? = 0
configure:4728: ./conftest.exe
assertion "strcmp( str( "¥\ÁZ"), "\"¥\ÁZ\"") == 0" failed: file "conftest.c", line 8
./configure: line 4729:  4352 Hangup                  ./conftest$ac_exeext
configure:4731: $? = 129
configure: program exited with status 129
configure: failed program was:
| 
| #include    <assert.h>
|     int     strcmp();
|     void    exit();
| #define str( a)     # a
| int main( void)
| {
|     assert( strcmp( str( "¥\ÁZ"), "\"¥\ÁZ\"") == 0);    /* Multi-byte chars */
|     exit (0);
| }
configure:4746: result: no
configure:4759: checking preprocessor output format of line directive
configure:4768: result: "# "
configure:4786: checking default value of __STDC__
configure:4799: result: 1
configure:4807: checking default value of __STDC_VERSION__
configure:4820: result: 0
configure:4828: checking if adjacent string literals are concatenated
configure:4851: gcc -o conftest.exe -g -O2   conftest.c  >&5
configure:4854: $? = 0
configure:4856: ./conftest.exe
configure:4859: $? = 0
configure:4874: result: yes
configure:4884: checking if fgets retains the last line after EOF
configure:4915: gcc -o conftest.exe -g -O2   conftest.c  >&5
configure:4918: $? = 0
configure:4920: ./conftest.exe
configure:4923: $? = 0
configure:4939: result: yes
configure:4956: checking printf length modifier for the longest integer
configure:4988: gcc -o conftest.exe -g -O2   conftest.c  >&5
conftest.c: In function `main':
conftest.c:9: warning: integer constant is too large for "long" type
configure:4991: $? = 0
configure:4993: ./conftest.exe
configure:4996: $? = 0
configure:5009: result: j
configure:5018: checking printf length modifier for the longest integer
configure:5071: result: j
configure:5153: checking include preference - relative to current or source directory
configure:5235: result: SOURCE
configure:5640: setting predefined macros for target cpu
configure:5685: checking for some compiler specific elements
configure:5698: checking for the directory to install mcpp
configure:5701: result: 
configure:5712: checking for version of GNU C
configure:5715: result: 3.4.4 (cygming special, gdc 0.12, using dmd 0.125)
configure:5734: checking for gcc
configure:5752: found /usr/local/bin/gcc
configure:5764: result: /usr/local/bin/gcc
configure:5783: checking whether ln -s works
configure:5787: result: yes
configure:5795: checking for value of predefined macro '__SIZE_TYPE__'
configure:5803: result: unsigned int
configure:5811: checking for value of predefined macro '__PTRDIFF_TYPE__'
configure:5819: result: int
configure:5827: checking for value of predefined macro '__WCHAR_TYPE__'
configure:5835: result: short unsigned int
configure:5843: checking if the library is glibc
configure:5855: gcc -E  conftest.c
conftest.c:4:2: #error Not glibc
configure:5861: $? = 1
configure: failed program was:
| 
| #include <features.h>
| #if ! (defined __GLIBC__ || defined __GNU_LIBRARY)
| #error Not glibc
| #endif
configure:5883: result: no
configure:5947: checking for g++
configure:5963: found /usr/local/bin/g++
configure:5973: result: g++
configure:5989: checking for C++ compiler version
configure:5992: g++ --version </dev/null >&5
g++ (GCC) 3.4.4 (cygming special, gdc 0.12, using dmd 0.125)
Copyright (C) 2004 Free Software Foundation, Inc.
This is free software; see the source for copying conditions.  There is NO
warranty; not even for MERCHANTABILITY or FITNESS FOR A PARTICULAR PURPOSE.

configure:5995: $? = 0
configure:5997: g++ -v </dev/null >&5
Reading specs from /usr/lib/gcc/i686-pc-cygwin/3.4.4/specs
Configured with: /usr/build/package/orig/test.respin/gcc-3.4.4-3/configure --verbose --prefix=/usr --exec-prefix=/usr --sysconfdir=/etc --libdir=/usr/lib --libexecdir=/usr/lib --mandir=/usr/share/man --infodir=/usr/share/info --enable-languages=c,ada,c++,d,f77,pascal,java,objc --enable-nls --without-included-gettext --enable-version-specific-runtime-libs --without-x --enable-libgcj --disable-java-awt --with-system-zlib --enable-interpreter --disable-libgcj-debug --enable-threads=posix --enable-java-gc=boehm --disable-win32-registry --enable-sjlj-exceptions --enable-hash-synchronization --enable-libstdcxx-debug
Thread model: posix
gcc version 3.4.4 (cygming special, gdc 0.12, using dmd 0.125)
configure:6000: $? = 0
configure:6002: g++ -V </dev/null >&5
g++: `-V' option must have argument
configure:6005: $? = 1
configure:6008: checking whether we are using the GNU C++ compiler
configure:6033: g++ -c   conftest.cc >&5
configure:6036: $? = 0
configure:6039: test -s conftest.o
configure:6042: $? = 0
configure:6055: result: yes
configure:6061: checking whether g++ accepts -g
configure:6083: g++ -c -g  conftest.cc >&5
configure:6086: $? = 0
configure:6089: test -s conftest.o
configure:6092: $? = 0
configure:6103: result: yes
configure:6147: g++ -c -g -O2  conftest.cc >&5
configure:6150: $? = 0
configure:6153: test -s conftest.o
configure:6156: $? = 0
configure:6183: g++ -c -g -O2  conftest.cc >&5
configure: In function `int main()':
configure:6230: error: `exit' undeclared (first use this function)
configure:6230: error: (Each undeclared identifier is reported only once for each function it appears in.)
configure:6186: $? = 1
configure: failed program was:
| #line 6166 "configure"
| /* confdefs.h.  */
| 
| #define PACKAGE_NAME "mcpp"
| #define PACKAGE_TARNAME "mcpp"
| #define PACKAGE_VERSION "2.4.1"
| #define PACKAGE_STRING "mcpp 2.4.1"
| #define PACKAGE_BUGREPORT "kmatsui@t3.rim.or.jp"
| #define PACKAGE "mcpp"
| #define VERSION "2.4.1"
| #define STDC_HEADERS 1
| #define HAVE_SYS_TYPES_H 1
| #define HAVE_SYS_STAT_H 1
| #define HAVE_STDLIB_H 1
| #define HAVE_STRING_H 1
| #define HAVE_MEMORY_H 1
| #define HAVE_STRINGS_H 1
| #define HAVE_INTTYPES_H 1
| #define HAVE_STDINT_H 1
| #define HAVE_UNISTD_H 1
| #define HAVE_LIMITS_H 1
| #define HAVE_TIME_H 1
| #define PROTOTYPES 1
| #define __PROTOTYPES 1
| #define HAVE_C_BACKSLASH_A 1
| #define HAVE_INTMAX_T 1
| #define HAVE_LONG_LONG 1
| #define HAVE_UNSIGNED_LONG 1
| #define HAVE_LONG_DOUBLE 1
| #define HAVE_TIME_T 1
| #define HAVE_STRCSPN 1
| #define HAVE_STRSTR 1
| #define HAVE_MEMMOVE 1
| #define HAVE_MEMCMP 1
| #define HAVE_MEMCPY 1
| #define HAVE_GETOPT 1
| #define HAVE_GETENV 1
| #define FNAME_FOLD 1
| #define OBJEXT "o"
| #define HAVE_PRAGMA 1
| #define HAVE_DIGRAPHS 1
| #define LINE_PREFIX "# "
| #define STD_LINE_PREFIX 0
| #define STDC 1
| #define STDC_VERSION 0
| #define CAN_CONCAT_STRINGS 1
| #define HAVE_SANE_FGETS 1
| #define LL_FORM "j"
| #define SEARCH_INIT SOURCE
| #define HOST_SYSTEM SYS_SYGWIN
| #define SYSTEM SYS_CYGWIN
| #define CPU_STD1 "__i386"
| #define CPU_STD2 "__i386__"
| #define CPU_OLD "i386"
| #define COMPILER GNUC
| #define GCC_MAJOR_VERSION "3"
| #define GCC_MINOR_VERSION "4"
| #define COMPILER_SP1_VAL "unsigned int"
| #define COMPILER_SP2_VAL "int"
| #define COMPILER_SP3_VAL "short unsigned int"
| /* end confdefs.h.  */
| 
| int
| main ()
| {
| exit (42);
|   ;
|   return 0;
| }
configure:6147: g++ -c -g -O2  conftest.cc >&5
configure:6150: $? = 0
configure:6153: test -s conftest.o
configure:6156: $? = 0
configure:6183: g++ -c -g -O2  conftest.cc >&5
configure:6186: $? = 0
configure:6189: test -s conftest.o
configure:6192: $? = 0
configure:6217: checking dependency style of g++
configure:6300: result: gcc3
configure:6322: checking how to run the C++ preprocessor
configure:6354: g++ -E  conftest.cc
configure:6360: $? = 0
configure:6392: g++ -E  conftest.cc
configure:6446:28: ac_nonexistent.h: No such file or directory
configure:6398: $? = 1
configure: failed program was:
| #line 6383 "configure"
| /* confdefs.h.  */
| 
| #define PACKAGE_NAME "mcpp"
| #define PACKAGE_TARNAME "mcpp"
| #define PACKAGE_VERSION "2.4.1"
| #define PACKAGE_STRING "mcpp 2.4.1"
| #define PACKAGE_BUGREPORT "kmatsui@t3.rim.or.jp"
| #define PACKAGE "mcpp"
| #define VERSION "2.4.1"
| #define STDC_HEADERS 1
| #define HAVE_SYS_TYPES_H 1
| #define HAVE_SYS_STAT_H 1
| #define HAVE_STDLIB_H 1
| #define HAVE_STRING_H 1
| #define HAVE_MEMORY_H 1
| #define HAVE_STRINGS_H 1
| #define HAVE_INTTYPES_H 1
| #define HAVE_STDINT_H 1
| #define HAVE_UNISTD_H 1
| #define HAVE_LIMITS_H 1
| #define HAVE_TIME_H 1
| #define PROTOTYPES 1
| #define __PROTOTYPES 1
| #define HAVE_C_BACKSLASH_A 1
| #define HAVE_INTMAX_T 1
| #define HAVE_LONG_LONG 1
| #define HAVE_UNSIGNED_LONG 1
| #define HAVE_LONG_DOUBLE 1
| #define HAVE_TIME_T 1
| #define HAVE_STRCSPN 1
| #define HAVE_STRSTR 1
| #define HAVE_MEMMOVE 1
| #define HAVE_MEMCMP 1
| #define HAVE_MEMCPY 1
| #define HAVE_GETOPT 1
| #define HAVE_GETENV 1
| #define FNAME_FOLD 1
| #define OBJEXT "o"
| #define HAVE_PRAGMA 1
| #define HAVE_DIGRAPHS 1
| #define LINE_PREFIX "# "
| #define STD_LINE_PREFIX 0
| #define STDC 1
| #define STDC_VERSION 0
| #define CAN_CONCAT_STRINGS 1
| #define HAVE_SANE_FGETS 1
| #define LL_FORM "j"
| #define SEARCH_INIT SOURCE
| #define HOST_SYSTEM SYS_SYGWIN
| #define SYSTEM SYS_CYGWIN
| #define CPU_STD1 "__i386"
| #define CPU_STD2 "__i386__"
| #define CPU_OLD "i386"
| #define COMPILER GNUC
| #define GCC_MAJOR_VERSION "3"
| #define GCC_MINOR_VERSION "4"
| #define COMPILER_SP1_VAL "unsigned int"
| #define COMPILER_SP2_VAL "int"
| #define COMPILER_SP3_VAL "short unsigned int"
| #ifdef __cplusplus
| #include <stdlib.h>
| #endif
| /* end confdefs.h.  */
| #include <ac_nonexistent.h>
configure:6436: result: g++ -E
configure:6461: g++ -E  conftest.cc
configure:6467: $? = 0
configure:6499: g++ -E  conftest.cc
configure:6553:28: ac_nonexistent.h: No such file or directory
configure:6505: $? = 1
configure: failed program was:
| #line 6490 "configure"
| /* confdefs.h.  */
| 
| #define PACKAGE_NAME "mcpp"
| #define PACKAGE_TARNAME "mcpp"
| #define PACKAGE_VERSION "2.4.1"
| #define PACKAGE_STRING "mcpp 2.4.1"
| #define PACKAGE_BUGREPORT "kmatsui@t3.rim.or.jp"
| #define PACKAGE "mcpp"
| #define VERSION "2.4.1"
| #define STDC_HEADERS 1
| #define HAVE_SYS_TYPES_H 1
| #define HAVE_SYS_STAT_H 1
| #define HAVE_STDLIB_H 1
| #define HAVE_STRING_H 1
| #define HAVE_MEMORY_H 1
| #define HAVE_STRINGS_H 1
| #define HAVE_INTTYPES_H 1
| #define HAVE_STDINT_H 1
| #define HAVE_UNISTD_H 1
| #define HAVE_LIMITS_H 1
| #define HAVE_TIME_H 1
| #define PROTOTYPES 1
| #define __PROTOTYPES 1
| #define HAVE_C_BACKSLASH_A 1
| #define HAVE_INTMAX_T 1
| #define HAVE_LONG_LONG 1
| #define HAVE_UNSIGNED_LONG 1
| #define HAVE_LONG_DOUBLE 1
| #define HAVE_TIME_T 1
| #define HAVE_STRCSPN 1
| #define HAVE_STRSTR 1
| #define HAVE_MEMMOVE 1
| #define HAVE_MEMCMP 1
| #define HAVE_MEMCPY 1
| #define HAVE_GETOPT 1
| #define HAVE_GETENV 1
| #define FNAME_FOLD 1
| #define OBJEXT "o"
| #define HAVE_PRAGMA 1
| #define HAVE_DIGRAPHS 1
| #define LINE_PREFIX "# "
| #define STD_LINE_PREFIX 0
| #define STDC 1
| #define STDC_VERSION 0
| #define CAN_CONCAT_STRINGS 1
| #define HAVE_SANE_FGETS 1
| #define LL_FORM "j"
| #define SEARCH_INIT SOURCE
| #define HOST_SYSTEM SYS_SYGWIN
| #define SYSTEM SYS_CYGWIN
| #define CPU_STD1 "__i386"
| #define CPU_STD2 "__i386__"
| #define CPU_OLD "i386"
| #define COMPILER GNUC
| #define GCC_MAJOR_VERSION "3"
| #define GCC_MINOR_VERSION "4"
| #define COMPILER_SP1_VAL "unsigned int"
| #define COMPILER_SP2_VAL "int"
| #define COMPILER_SP3_VAL "short unsigned int"
| #ifdef __cplusplus
| #include <stdlib.h>
| #endif
| /* end confdefs.h.  */
| #include <ac_nonexistent.h>
configure:6553: checking for the C++ default include directory
configure:6567: result: 
configure:6746: creating ./config.status

## ---------------------- ##
## Running config.status. ##
## ---------------------- ##

This file was extended by mcpp config.status 2.4.1, which was
generated by GNU Autoconf 2.57.  Invocation command line was

  CONFIG_FILES    = 
  CONFIG_HEADERS  = 
  CONFIG_LINKS    = 
  CONFIG_COMMANDS = 
  $ ./config.status 

on PC-6172

config.status:681: creating Makefile
config.status:681: creating src/Makefile
config.status:681: creating tests/Makefile
config.status:785: creating src/config.h
config.status:988: src/config.h is unchanged
config.status:1110: executing depfiles commands

## ---------------- ##
## Cache variables. ##
## ---------------- ##

ac_cv_build=i686-pc-cygwin
ac_cv_build_alias=i686-pc-cygwin
ac_cv_c_backslash_a=yes
ac_cv_c_bigfive_escape_free=no
ac_cv_c_compiler_gnu=yes
ac_cv_c_const=yes
ac_cv_c_digraph=yes
ac_cv_c_include_pref=SOURCE
ac_cv_c_iso2022_jp_escape_free=no
ac_cv_c_line_format='"# "'
ac_cv_c_pragma=yes
ac_cv_c_pragma_is_expanded=no
ac_cv_c_printf_modifier=j
ac_cv_c_sjis_escape_free=no
ac_cv_c_std_line_prefix=0
ac_cv_c_stdc=1
ac_cv_c_stdc_ver=0
ac_cv_c_string_concat=yes
ac_cv_cxx_compiler_gnu=yes
ac_cv_env_CC_set=
ac_cv_env_CC_value=
ac_cv_env_CFLAGS_set=
ac_cv_env_CFLAGS_value=
ac_cv_env_CPPFLAGS_set=
ac_cv_env_CPPFLAGS_value=
ac_cv_env_CPP_set=
ac_cv_env_CPP_value=
ac_cv_env_CXXCPP_set=
ac_cv_env_CXXCPP_value=
ac_cv_env_CXXFLAGS_set=
ac_cv_env_CXXFLAGS_value=
ac_cv_env_CXX_set=
ac_cv_env_CXX_value=
ac_cv_env_LDFLAGS_set=
ac_cv_env_LDFLAGS_value=
ac_cv_env_build_alias_set=
ac_cv_env_build_alias_value=
ac_cv_env_host_alias_set=
ac_cv_env_host_alias_value=
ac_cv_env_target_alias_set=
ac_cv_env_target_alias_value=
ac_cv_exeext=.exe
ac_cv_fname_fold=yes
ac_cv_func_fgets_sane=yes
ac_cv_func_getenv=yes
ac_cv_func_getopt=yes
ac_cv_func_memcmp=yes
ac_cv_func_memcpy=yes
ac_cv_func_memmove=yes
ac_cv_func_stpcpy=no
ac_cv_func_strcspn=yes
ac_cv_func_strstr=yes
ac_cv_header_inttypes_h=yes
ac_cv_header_inttypes_h_=no
ac_cv_header_limits_h=yes
ac_cv_header_memory_h=yes
ac_cv_header_stdc=yes
ac_cv_header_stdint_h=yes
ac_cv_header_stdint_h_=no
ac_cv_header_stdlib_h=yes
ac_cv_header_string_h=yes
ac_cv_header_strings_h=yes
ac_cv_header_sys_stat_h=yes
ac_cv_header_sys_types_h=yes
ac_cv_header_time_h=yes
ac_cv_header_unistd_h=yes
ac_cv_host=i686-pc-cygwin
ac_cv_host_alias=i686-pc-cygwin
ac_cv_objext=o
ac_cv_path_gcc_path=/usr/local/bin/gcc
ac_cv_path_install='/usr/local/bin/install -c'
ac_cv_prog_AWK=gawk
ac_cv_prog_CPP='gcc -E'
ac_cv_prog_CXXCPP='g++ -E'
ac_cv_prog_ac_ct_CC=gcc
ac_cv_prog_ac_ct_CXX=g++
ac_cv_prog_cc_g=yes
ac_cv_prog_cc_stdc=
ac_cv_prog_cxx_g=yes
ac_cv_prog_egrep='grep -E'
ac_cv_prog_make_make_set=yes
ac_cv_target=i686-pc-cygwin
ac_cv_target_alias=i686-pc-cygwin
ac_cv_type___int64=no
ac_cv_type_intmax_t=yes
ac_cv_type_long_double=yes
ac_cv_type_long_long=yes
ac_cv_type_size_t=yes
ac_cv_type_time_t=yes
ac_cv_type_unsigned_long=yes
am_cv_CC_dependencies_compiler_type=gcc3
am_cv_CXX_dependencies_compiler_type=gcc3
am_cv_prog_cc_stdc=
gcc_cv_glibc=no

## ----------------- ##
## Output variables. ##
## ----------------- ##

ACLOCAL='${SHELL} /home/hiraisi/mcpp/mcpp-2.4.1/config/missing --run aclocal-1.7'
AMDEPBACKSLASH='\'
AMDEP_FALSE='#'
AMDEP_TRUE=''
AMTAR='${SHELL} /home/hiraisi/mcpp/mcpp-2.4.1/config/missing --run tar'
AUTOCONF='${SHELL} /home/hiraisi/mcpp/mcpp-2.4.1/config/missing --run autoconf'
AUTOHEADER='${SHELL} /home/hiraisi/mcpp/mcpp-2.4.1/config/missing --run autoheader'
AUTOMAKE='${SHELL} /home/hiraisi/mcpp/mcpp-2.4.1/config/missing --run automake-1.7'
AWK='gawk'
CC='gcc'
CCDEPMODE='depmode=gcc3'
CFLAGS='-g -O2'
CPP='gcc -E'
CPPFLAGS=''
CXX='g++'
CXXCPP='g++ -E'
CXXDEPMODE='depmode=gcc3'
CXXFLAGS='-g -O2'
CYGPATH_W='cygpath -w'
DEFS='-DHAVE_CONFIG_H'
DEPDIR='.deps'
ECHO_C=''
ECHO_N='-n'
ECHO_T=''
EGREP='grep -E'
EXEEXT='.exe'
INSTALL_DATA='${INSTALL} -m 644'
INSTALL_PROGRAM='${INSTALL}'
INSTALL_SCRIPT='${INSTALL}'
INSTALL_STRIP_PROGRAM='${SHELL} $(install_sh) -c -s'
LDFLAGS=''
LIBOBJS=''
LIBS=''
LN_S='ln -s'
LTLIBOBJS=''
MAINT='#'
MAINTAINER_MODE_FALSE=''
MAINTAINER_MODE_TRUE='#'
MAKEINFO='${SHELL} /home/hiraisi/mcpp/mcpp-2.4.1/config/missing --run makeinfo'
OBJEXT='o'
PACKAGE='mcpp'
PACKAGE_BUGREPORT='kmatsui@t3.rim.or.jp'
PACKAGE_NAME='mcpp'
PACKAGE_STRING='mcpp 2.4.1'
PACKAGE_TARNAME='mcpp'
PACKAGE_VERSION='2.4.1'
PATH_SEPARATOR=':'
SET_MAKE=''
SHELL='/bin/sh'
STRIP=''
VERSION='2.4.1'
ac_ct_CC='gcc'
ac_ct_CXX='g++'
ac_ct_STRIP=''
am__fastdepCC_FALSE='#'
am__fastdepCC_TRUE=''
am__fastdepCXX_FALSE='#'
am__fastdepCXX_TRUE=''
am__include='include'
am__leading_dot='.'
am__quote=''
bindir='${exec_prefix}/bin'
build='i686-pc-cygwin'
build_alias=''
build_cpu='i686'
build_os='cygwin'
build_vendor='pc'
cpp_call=''
datadir='${prefix}/share'
exec_prefix='${prefix}'
gcc_maj_ver='3'
gcc_path='/usr/local/bin/gcc'
gcc_testsuite_dir=''
host='i686-pc-cygwin'
host_alias=''
host_cpu='i686'
host_os='cygwin'
host_vendor='pc'
includedir='${prefix}/include'
infodir='${prefix}/info'
install_sh='/home/hiraisi/mcpp/mcpp-2.4.1/config/install-sh'
libdir='${exec_prefix}/lib'
libexecdir=''
localstatedir='${prefix}/var'
mandir='${prefix}/man'
oldincludedir='/usr/include'
prefix='/usr/local'
program_transform_name='s,x,x,'
sbindir='${exec_prefix}/sbin'
sharedstatedir='${prefix}/com'
sysconfdir='${prefix}/etc'
target='i686-pc-cygwin'
target_alias=''
target_cpu='i686'
target_os='cygwin'
target_vendor='pc'

## ----------- ##
## confdefs.h. ##
## ----------- ##

#define CAN_CONCAT_STRINGS 1
#define COMPILER GNUC
#define COMPILER_SP1_VAL "unsigned int"
#define COMPILER_SP2_VAL "int"
#define COMPILER_SP3_VAL "short unsigned int"
#define CPU_OLD "i386"
#define CPU_STD1 "__i386"
#define CPU_STD2 "__i386__"
#define FNAME_FOLD 1
#define GCC_MAJOR_VERSION "3"
#define GCC_MINOR_VERSION "4"
#define HAVE_C_BACKSLASH_A 1
#define HAVE_DIGRAPHS 1
#define HAVE_GETENV 1
#define HAVE_GETOPT 1
#define HAVE_INTMAX_T 1
#define HAVE_INTTYPES_H 1
#define HAVE_LIMITS_H 1
#define HAVE_LONG_DOUBLE 1
#define HAVE_LONG_LONG 1
#define HAVE_MEMCMP 1
#define HAVE_MEMCPY 1
#define HAVE_MEMMOVE 1
#define HAVE_MEMORY_H 1
#define HAVE_PRAGMA 1
#define HAVE_SANE_FGETS 1
#define HAVE_STDINT_H 1
#define HAVE_STDLIB_H 1
#define HAVE_STRCSPN 1
#define HAVE_STRINGS_H 1
#define HAVE_STRING_H 1
#define HAVE_STRSTR 1
#define HAVE_SYS_STAT_H 1
#define HAVE_SYS_TYPES_H 1
#define HAVE_TIME_H 1
#define HAVE_TIME_T 1
#define HAVE_UNISTD_H 1
#define HAVE_UNSIGNED_LONG 1
#define HOST_SYSTEM SYS_SYGWIN
#define LINE_PREFIX "# "
#define LL_FORM "j"
#define OBJEXT "o"
#define PACKAGE "mcpp"
#define PACKAGE_BUGREPORT "kmatsui@t3.rim.or.jp"
#define PACKAGE_NAME "mcpp"
#define PACKAGE_STRING "mcpp 2.4.1"
#define PACKAGE_TARNAME "mcpp"
#define PACKAGE_VERSION "2.4.1"
#define PROTOTYPES 1
#define SEARCH_INIT SOURCE
#define STDC 1
#define STDC_HEADERS 1
#define STDC_VERSION 0
#define STD_LINE_PREFIX 0
#define SYSTEM SYS_CYGWIN
#define VERSION "2.4.1"
#define __PROTOTYPES 1
#endif
#ifdef __cplusplus
#include <stdlib.h>

configure: exit 0
